<?xml version="1.0" encoding="UTF-8"?>
<!-- Generated by org.testng.reporters.JUnitReportReporter -->
<testsuite hostname="LAPTOP-OOSHD4UL" failures="0" tests="1" name="solnetTests.AddRemoveTasksTest" time="14.768" errors="0" timestamp="2020-05-27T22:16:07 NZST" skipped="0">
  <testcase classname="solnetTests.AddRemoveTasksTest" name="addRemoveTasks" time="14.768"/>
  <system-out/>
</testsuite> <!-- solnetTests.AddRemoveTasksTest -->
