<?xml version="1.0" encoding="UTF-8"?>
<!-- Generated by org.testng.reporters.JUnitReportReporter -->
<testsuite hostname="LAPTOP-OOSHD4UL" failures="0" tests="4" name="solnetTests.AddTasksDataDrivenTest" time="110.350" errors="0" timestamp="2020-05-28T07:06:23 NZST" skipped="0">
  <testcase classname="solnetTests.AddTasksDataDrivenTest" name="addRemoveTasks" time="62.759"/>
  <system-out/>
  <testcase classname="solnetTests.AddTasksDataDrivenTest" name="addRemoveTasks" time="11.430"/>
  <system-out/>
  <testcase classname="solnetTests.AddTasksDataDrivenTest" name="addRemoveTasks" time="13.863"/>
  <system-out/>
  <testcase classname="solnetTests.AddTasksDataDrivenTest" name="addRemoveTasks" time="22.298"/>
  <system-out/>
</testsuite> <!-- solnetTests.AddTasksDataDrivenTest -->
