<?xml version="1.0" encoding="UTF-8"?>
<!-- Generated by org.testng.reporters.JUnitReportReporter -->
<testsuite hostname="LAPTOP-OOSHD4UL" failures="0" tests="4" name="utilities.dataProvider" time="0.020" errors="0" timestamp="2020-05-27T19:36:58 NZST" skipped="0">
  <testcase classname="utilities.dataProvider" name="verifyLoginUsingCsv" time="0.004"/>
  <system-out/>
  <testcase classname="utilities.dataProvider" name="verifyLoginUsingCsv" time="0.009"/>
  <system-out/>
  <testcase classname="utilities.dataProvider" name="verifyLoginUsingCsv" time="0.004"/>
  <system-out/>
  <testcase classname="utilities.dataProvider" name="verifyLoginUsingCsv" time="0.003"/>
  <system-out/>
</testsuite> <!-- utilities.dataProvider -->
