<?xml version="1.0" encoding="UTF-8"?>
<!-- Generated by org.testng.reporters.JUnitReportReporter -->
<testsuite hostname="LAPTOP-OOSHD4UL" failures="0" tests="1" name="solnetTests.temp" time="0.018" errors="0" timestamp="2020-05-27T23:24:49 NZST" skipped="0">
  <testcase classname="solnetTests.temp" name="t1" time="0.018"/>
  <system-out/>
</testsuite> <!-- solnetTests.temp -->
