<?xml version="1.0" encoding="UTF-8"?>
<!-- Generated by org.testng.reporters.JUnitReportReporter -->
<testsuite hostname="LAPTOP-OOSHD4UL" failures="0" tests="1" name="tests.T1" time="35.379" errors="0" timestamp="2020-05-27T17:04:56 NZST" skipped="0">
  <testcase classname="tests.T1" name="T1" time="35.379"/>
  <system-out/>
</testsuite> <!-- tests.T1 -->
