<?xml version="1.0" encoding="UTF-8"?>
<!-- Generated by org.testng.reporters.JUnitReportReporter -->
<testsuite hostname="LAPTOP-OOSHD4UL" failures="0" tests="1" name="tests.ValidateLandingPageTest" time="3.608" errors="0" timestamp="2020-05-27T10:45:25 NZST" skipped="0">
  <testcase classname="tests.ValidateLandingPageTest" name="validateLandingPageTest" time="3.608"/>
  <system-out/>
</testsuite> <!-- tests.ValidateLandingPageTest -->
