<?xml version="1.0" encoding="UTF-8"?>
<!-- Generated by org.testng.reporters.JUnitReportReporter -->
<testsuite hostname="LAPTOP-OOSHD4UL" failures="0" tests="1" name="solnetTests.ValidateLandingPageTest" time="9.189" errors="0" timestamp="2020-05-27T22:16:07 NZST" skipped="0">
  <testcase classname="solnetTests.ValidateLandingPageTest" name="validateLandingPage" time="9.189"/>
  <system-out/>
</testsuite> <!-- solnetTests.ValidateLandingPageTest -->
