<?xml version="1.0" encoding="UTF-8"?>
<!-- Generated by org.testng.reporters.JUnitReportReporter -->
<testsuite hostname="LAPTOP-OOSHD4UL" failures="0" tests="1" name="solnetTests.LoginToTheApplicationTest" time="14.231" errors="0" timestamp="2020-05-28T06:40:03 NZST" skipped="0">
  <testcase classname="solnetTests.LoginToTheApplicationTest" name="loginToTheApplication" time="14.231"/>
  <system-out/>
</testsuite> <!-- solnetTests.LoginToTheApplicationTest -->
