<?xml version="1.0" encoding="UTF-8"?>
<!-- Generated by org.testng.reporters.JUnitReportReporter -->
<testsuite hostname="LAPTOP-OOSHD4UL" failures="0" tests="1" name="solnetTests.ValidateLandingPage" time="11.209" errors="0" timestamp="2020-05-27T21:13:54 NZST" skipped="0">
  <testcase classname="solnetTests.ValidateLandingPage" name="validateLandingPage" time="11.209"/>
  <system-out/>
</testsuite> <!-- solnetTests.ValidateLandingPage -->
