<?xml version="1.0" encoding="UTF-8"?>
<!-- Generated by org.testng.reporters.JUnitReportReporter -->
<testsuite hostname="LAPTOP-OOSHD4UL" failures="0" tests="1" name="tests.AddAndRemoveTask" time="4.278" errors="0" timestamp="2020-05-27T15:05:14 NZST" skipped="0">
  <testcase classname="tests.AddAndRemoveTask" name="addAndRemoveTask" time="4.278"/>
  <system-out/>
</testsuite> <!-- tests.AddAndRemoveTask -->
