<?xml version="1.0" encoding="UTF-8"?>
<!-- Generated by org.testng.reporters.JUnitReportReporter -->
<testsuite hostname="LAPTOP-OOSHD4UL" failures="0" tests="1" name="solnetTests.AddRemoveTasks" time="8.879" errors="0" timestamp="2020-05-27T21:13:54 NZST" skipped="0">
  <testcase classname="solnetTests.AddRemoveTasks" name="addRemoveTasks" time="8.879"/>
  <system-out/>
</testsuite> <!-- solnetTests.AddRemoveTasks -->
