<?xml version="1.0" encoding="UTF-8"?>
<!-- Generated by org.testng.reporters.JUnitReportReporter -->
<testsuite hostname="LAPTOP-OOSHD4UL" failures="0" tests="1" name="solnetTests.ValidateImportantTasksTest" time="13.162" errors="0" timestamp="2020-05-28T12:05:34 NZST" skipped="0">
  <testcase classname="solnetTests.ValidateImportantTasksTest" name="validateImportantTasksTest" time="13.162"/>
  <system-out/>
</testsuite> <!-- solnetTests.ValidateImportantTasksTest -->
