<?xml version="1.0" encoding="UTF-8"?>
<!-- Generated by org.testng.reporters.JUnitReportReporter -->
<testsuite hostname="LAPTOP-OOSHD4UL" failures="0" tests="1" name="solnetTests.AddRemoveTasksTest" time="31.609" errors="0" timestamp="2020-05-28T07:09:31 NZST" skipped="0">
  <testcase classname="solnetTests.AddRemoveTasksTest" name="addRemoveTasks" time="31.609"/>
  <system-out/>
</testsuite> <!-- solnetTests.AddRemoveTasksTest -->
