<?xml version="1.0" encoding="UTF-8"?>
<!-- Generated by org.testng.reporters.JUnitReportReporter -->
<testsuite hostname="LAPTOP-OOSHD4UL" failures="0" tests="1" name="tests.root" time="13.630" errors="0" timestamp="2020-05-27T16:50:01 NZST" skipped="0">
  <testcase classname="tests.root" name="tgtg" time="13.630"/>
  <system-out/>
</testsuite> <!-- tests.root -->
