<?xml version="1.0" encoding="UTF-8"?>
<!-- Generated by org.testng.reporters.JUnitReportReporter -->
<testsuite hostname="LAPTOP-OOSHD4UL" failures="0" tests="4" name="solnetTests.AddTasksDataDriven" time="30.907" errors="0" timestamp="2020-05-27T21:13:54 NZST" skipped="0">
  <testcase classname="solnetTests.AddTasksDataDriven" name="addRemoveTasks" time="7.330"/>
  <system-out/>
  <testcase classname="solnetTests.AddTasksDataDriven" name="addRemoveTasks" time="8.787"/>
  <system-out/>
  <testcase classname="solnetTests.AddTasksDataDriven" name="addRemoveTasks" time="7.260"/>
  <system-out/>
  <testcase classname="solnetTests.AddTasksDataDriven" name="addRemoveTasks" time="7.530"/>
  <system-out/>
</testsuite> <!-- solnetTests.AddTasksDataDriven -->
