<?xml version="1.0" encoding="UTF-8"?>
<!-- Generated by org.testng.reporters.JUnitReportReporter -->
<testsuite hostname="LAPTOP-OOSHD4UL" failures="0" tests="1" name="base.BaseClass" time="9.490" errors="0" timestamp="2020-05-26T23:17:30 NZST" skipped="0">
  <testcase classname="base.BaseClass" name="firstTest" time="9.490"/>
  <system-out/>
</testsuite> <!-- base.BaseClass -->
