<?xml version="1.0" encoding="UTF-8"?>
<!-- Generated by org.testng.reporters.JUnitReportReporter -->
<testsuite hostname="LAPTOP-OOSHD4UL" failures="0" tests="1" name="solnetTests.MarkTaskCompleteTest" time="18.526" errors="0" timestamp="2020-05-28T12:10:07 NZST" skipped="0">
  <testcase classname="solnetTests.MarkTaskCompleteTest" name="markTaskCompleteTest" time="18.526"/>
  <system-out/>
</testsuite> <!-- solnetTests.MarkTaskCompleteTest -->
