<?xml version="1.0" encoding="UTF-8"?>
<!-- Generated by org.testng.reporters.JUnitReportReporter -->
<testsuite hostname="LAPTOP-OOSHD4UL" failures="0" tests="1" name="solnetTests.LoginToTheApplicationTest" time="9.825" errors="0" timestamp="2020-05-27T22:55:35 NZST" skipped="0">
  <testcase classname="solnetTests.LoginToTheApplicationTest" name="loginToTheApplication" time="9.825"/>
  <system-out/>
</testsuite> <!-- solnetTests.LoginToTheApplicationTest -->
