<?xml version="1.0" encoding="UTF-8"?>
<!-- Generated by org.testng.reporters.JUnitReportReporter -->
<testsuite hostname="LAPTOP-OOSHD4UL" failures="0" tests="1" name="solnetTests.ValidateAllTasksTest" time="12.016" errors="0" timestamp="2020-05-28T12:10:07 NZST" skipped="0">
  <testcase classname="solnetTests.ValidateAllTasksTest" name="validateAllTasksTest" time="12.016"/>
  <system-out/>
</testsuite> <!-- solnetTests.ValidateAllTasksTest -->
