<?xml version="1.0" encoding="UTF-8"?>
<!-- Generated by org.testng.reporters.JUnitReportReporter -->
<testsuite hostname="LAPTOP-OOSHD4UL" failures="0" tests="4" name="solnetTests.AddTasksDataDrivenTest" time="38.712" errors="0" timestamp="2020-05-27T22:55:35 NZST" skipped="0">
  <testcase classname="solnetTests.AddTasksDataDrivenTest" name="addRemoveTasks" time="9.071"/>
  <system-out/>
  <testcase classname="solnetTests.AddTasksDataDrivenTest" name="addRemoveTasks" time="9.554"/>
  <system-out/>
  <testcase classname="solnetTests.AddTasksDataDrivenTest" name="addRemoveTasks" time="10.943"/>
  <system-out/>
  <testcase classname="solnetTests.AddTasksDataDrivenTest" name="addRemoveTasks" time="9.144"/>
  <system-out/>
</testsuite> <!-- solnetTests.AddTasksDataDrivenTest -->
