<?xml version="1.0" encoding="UTF-8"?>
<!-- Generated by org.testng.reporters.JUnitReportReporter -->
<testsuite hostname="LAPTOP-OOSHD4UL" failures="0" tests="4" name="solnetTests.AddTasksDataDrivenTest" time="40.896" errors="0" timestamp="2020-05-28T07:23:28 NZST" skipped="0">
  <testcase classname="solnetTests.AddTasksDataDrivenTest" name="addRemoveTasks" time="9.445"/>
  <system-out/>
  <testcase classname="solnetTests.AddTasksDataDrivenTest" name="addRemoveTasks" time="10.851"/>
  <system-out/>
  <testcase classname="solnetTests.AddTasksDataDrivenTest" name="addRemoveTasks" time="10.998"/>
  <system-out/>
  <testcase classname="solnetTests.AddTasksDataDrivenTest" name="addRemoveTasks" time="9.602"/>
  <system-out/>
</testsuite> <!-- solnetTests.AddTasksDataDrivenTest -->
