<?xml version="1.0" encoding="UTF-8"?>
<!-- Generated by org.testng.reporters.JUnitReportReporter -->
<testsuite hostname="LAPTOP-OOSHD4UL" failures="0" tests="1" name="solnetTests.ValidateImportantTasksTest" time="12.583" errors="0" timestamp="2020-05-28T12:10:07 NZST" skipped="0">
  <testcase classname="solnetTests.ValidateImportantTasksTest" name="validateImportantTasksTest" time="12.583"/>
  <system-out/>
</testsuite> <!-- solnetTests.ValidateImportantTasksTest -->
