<?xml version="1.0" encoding="UTF-8"?>
<!-- Generated by org.testng.reporters.JUnitReportReporter -->
<testsuite hostname="LAPTOP-OOSHD4UL" failures="0" tests="4" name="solnetTests.AddTasksDataDrivenTest" time="42.061" errors="0" timestamp="2020-05-28T12:10:07 NZST" skipped="0">
  <testcase classname="solnetTests.AddTasksDataDrivenTest" name="addRemoveTasksTest" time="9.976"/>
  <system-out/>
  <testcase classname="solnetTests.AddTasksDataDrivenTest" name="addRemoveTasksTest" time="10.000"/>
  <system-out/>
  <testcase classname="solnetTests.AddTasksDataDrivenTest" name="addRemoveTasksTest" time="11.111"/>
  <system-out/>
  <testcase classname="solnetTests.AddTasksDataDrivenTest" name="addRemoveTasksTest" time="10.974"/>
  <system-out/>
</testsuite> <!-- solnetTests.AddTasksDataDrivenTest -->
