<?xml version="1.0" encoding="UTF-8"?>
<!-- Generated by org.testng.reporters.JUnitReportReporter -->
<testsuite hostname="LAPTOP-OOSHD4UL" failures="0" tests="4" name="solnetTests.AddTasksDataDrivenTest" time="41.681" errors="0" timestamp="2020-05-28T07:15:38 NZST" skipped="0">
  <testcase classname="solnetTests.AddTasksDataDrivenTest" name="addRemoveTasks" time="10.592"/>
  <system-out/>
  <testcase classname="solnetTests.AddTasksDataDrivenTest" name="addRemoveTasks" time="10.002"/>
  <system-out/>
  <testcase classname="solnetTests.AddTasksDataDrivenTest" name="addRemoveTasks" time="9.984"/>
  <system-out/>
  <testcase classname="solnetTests.AddTasksDataDrivenTest" name="addRemoveTasks" time="11.103"/>
  <system-out/>
</testsuite> <!-- solnetTests.AddTasksDataDrivenTest -->
