<?xml version="1.0" encoding="UTF-8"?>
<!-- Generated by org.testng.reporters.JUnitReportReporter -->
<testsuite hostname="LAPTOP-OOSHD4UL" failures="0" tests="1" name="solnetTests.LoginToTheApplicationTest" time="10.167" errors="0" timestamp="2020-05-28T07:23:28 NZST" skipped="0">
  <testcase classname="solnetTests.LoginToTheApplicationTest" name="loginToTheApplication" time="10.167"/>
  <system-out/>
</testsuite> <!-- solnetTests.LoginToTheApplicationTest -->
